Performing C SOURCE FILE Test CMAKE_HAVE_LIBC_PTHREAD failed with the following output:
Change Dir: /home/yuhua/astar/build/CMakeFiles/CMakeScratch/TryCompile-legpkG

Run Build Command(s):/usr/bin/make -f Makefile cmTC_70570/fast && /usr/bin/make  -f CMakeFiles/cmTC_70570.dir/build.make CMakeFiles/cmTC_70570.dir/build
make[1]: Entering directory '/home/yuhua/astar/build/CMakeFiles/CMakeScratch/TryCompile-legpkG'
Building C object CMakeFiles/cmTC_70570.dir/src.c.o
/usr/bin/cc -DCMAKE_HAVE_LIBC_PTHREAD   -o CMakeFiles/cmTC_70570.dir/src.c.o -c /home/yuhua/astar/build/CMakeFiles/CMakeScratch/TryCompile-legpkG/src.c
Linking C executable cmTC_70570
/usr/local/bin/cmake -E cmake_link_script CMakeFiles/cmTC_70570.dir/link.txt --verbose=1
/usr/bin/cc CMakeFiles/cmTC_70570.dir/src.c.o -o cmTC_70570 
CMakeFiles/cmTC_70570.dir/src.c.o: In function `main':
src.c:(.text+0x3e): undefined reference to `pthread_create'
src.c:(.text+0x4a): undefined reference to `pthread_detach'
src.c:(.text+0x56): undefined reference to `pthread_cancel'
src.c:(.text+0x67): undefined reference to `pthread_join'
src.c:(.text+0x7b): undefined reference to `pthread_atfork'
collect2: error: ld returned 1 exit status
CMakeFiles/cmTC_70570.dir/build.make:98: recipe for target 'cmTC_70570' failed
make[1]: *** [cmTC_70570] Error 1
make[1]: Leaving directory '/home/yuhua/astar/build/CMakeFiles/CMakeScratch/TryCompile-legpkG'
Makefile:127: recipe for target 'cmTC_70570/fast' failed
make: *** [cmTC_70570/fast] Error 2


Source file was:
#include <pthread.h>

static void* test_func(void* data)
{
  return data;
}

int main(void)
{
  pthread_t thread;
  pthread_create(&thread, NULL, test_func, NULL);
  pthread_detach(thread);
  pthread_cancel(thread);
  pthread_join(thread, NULL);
  pthread_atfork(NULL, NULL, NULL);
  pthread_exit(NULL);

  return 0;
}


Determining if the function pthread_create exists in the pthreads failed with the following output:
Change Dir: /home/yuhua/astar/build/CMakeFiles/CMakeScratch/TryCompile-r3RqxP

Run Build Command(s):/usr/bin/make -f Makefile cmTC_f0442/fast && /usr/bin/make  -f CMakeFiles/cmTC_f0442.dir/build.make CMakeFiles/cmTC_f0442.dir/build
make[1]: Entering directory '/home/yuhua/astar/build/CMakeFiles/CMakeScratch/TryCompile-r3RqxP'
Building C object CMakeFiles/cmTC_f0442.dir/CheckFunctionExists.c.o
/usr/bin/cc   -DCHECK_FUNCTION_EXISTS=pthread_create -o CMakeFiles/cmTC_f0442.dir/CheckFunctionExists.c.o -c /home/yuhua/astar/build/CMakeFiles/CMakeScratch/TryCompile-r3RqxP/CheckFunctionExists.c
Linking C executable cmTC_f0442
/usr/local/bin/cmake -E cmake_link_script CMakeFiles/cmTC_f0442.dir/link.txt --verbose=1
/usr/bin/cc  -DCHECK_FUNCTION_EXISTS=pthread_create CMakeFiles/cmTC_f0442.dir/CheckFunctionExists.c.o -o cmTC_f0442  -lpthreads 
/usr/bin/ld: cannot find -lpthreads
collect2: error: ld returned 1 exit status
CMakeFiles/cmTC_f0442.dir/build.make:98: recipe for target 'cmTC_f0442' failed
make[1]: *** [cmTC_f0442] Error 1
make[1]: Leaving directory '/home/yuhua/astar/build/CMakeFiles/CMakeScratch/TryCompile-r3RqxP'
Makefile:127: recipe for target 'cmTC_f0442/fast' failed
make: *** [cmTC_f0442/fast] Error 2



